[1213/192124.622:ERROR:process_memory_win.cc(73)] ReadMemory at 0x19723a40000 of 64 bytes failed: Only part of a ReadProcessMemory or WriteProcessMemory request was completed. (0x12B)
[1213/192124.626:WARNING:pe_image_reader.cc(340)] could not read dos header from C:\Program Files (x86)\Google\Chrome\Application\78.0.3904.108\chrome_elf.dll
[1213/192124.626:ERROR:process_memory_win.cc(73)] ReadMemory at 0x19723c86610 of 72 bytes failed: Only part of a ReadProcessMemory or WriteProcessMemory request was completed. (0x12B)
[1213/192124.626:WARNING:pe_image_annotations_reader.cc(134)] could not read annotations list object in C:\Program Files (x86)\Google\Chrome\Application\78.0.3904.108\chrome_child.dll
[1213/192124.626:ERROR:process_memory_win.cc(73)] ReadMemory at 0x19723d90000 of 64 bytes failed: Only part of a ReadProcessMemory or WriteProcessMemory request was completed. (0x12B)
[1213/192124.626:WARNING:pe_image_reader.cc(340)] could not read dos header from C:\WINDOWS\System32\USER32.dll
[1213/192124.626:ERROR:process_memory_win.cc(73)] ReadMemory at 0x19723a40000 of 64 bytes failed: Only part of a ReadProcessMemory or WriteProcessMemory request was completed. (0x12B)
[1213/192124.626:WARNING:pe_image_reader.cc(340)] could not read dos header from C:\Program Files (x86)\Google\Chrome\Application\78.0.3904.108\chrome_elf.dll
[1213/192124.626:ERROR:process_memory_win.cc(73)] ReadMemory at 0x19723c86610 of 72 bytes failed: Only part of a ReadProcessMemory or WriteProcessMemory request was completed. (0x12B)
[1213/192124.626:WARNING:pe_image_annotations_reader.cc(134)] could not read annotations list object in C:\Program Files (x86)\Google\Chrome\Application\78.0.3904.108\chrome_child.dll
[1213/192124.626:ERROR:process_memory_win.cc(73)] ReadMemory at 0x19723d90000 of 64 bytes failed: Only part of a ReadProcessMemory or WriteProcessMemory request was completed. (0x12B)
[1213/192124.626:WARNING:pe_image_reader.cc(340)] could not read dos header from C:\WINDOWS\System32\USER32.dll
[1213/192124.650:ERROR:process_memory_win.cc(73)] ReadMemory at 0x38dbded000 of 77824 bytes failed: Only part of a ReadProcessMemory or WriteProcessMemory request was completed. (0x12B)
[1213/192124.650:ERROR:process_memory_win.cc(73)] ReadMemory at 0x38dc5fd000 of 12288 bytes failed: Only part of a ReadProcessMemory or WriteProcessMemory request was completed. (0x12B)
[1213/192124.650:ERROR:process_memory_win.cc(73)] ReadMemory at 0x38dd5fc000 of 16384 bytes failed: Only part of a ReadProcessMemory or WriteProcessMemory request was completed. (0x12B)
[1213/192124.650:ERROR:process_memory_win.cc(73)] ReadMemory at 0x38dddfc000 of 16384 bytes failed: Only part of a ReadProcessMemory or WriteProcessMemory request was completed. (0x12B)
[1213/192124.650:ERROR:process_memory_win.cc(73)] ReadMemory at 0x38de5ff000 of 4096 bytes failed: Only part of a ReadProcessMemory or WriteProcessMemory request was completed. (0x12B)
[1213/192124.650:ERROR:process_memory_win.cc(73)] ReadMemory at 0x38dedfd000 of 12288 bytes failed: Only part of a ReadProcessMemory or WriteProcessMemory request was completed. (0x12B)
[1213/192124.650:ERROR:process_memory_win.cc(73)] ReadMemory at 0x38df5fb000 of 20480 bytes failed: Only part of a ReadProcessMemory or WriteProcessMemory request was completed. (0x12B)
[1213/192124.650:ERROR:process_memory_win.cc(73)] ReadMemory at 0x38e05f6000 of 40960 bytes failed: Only part of a ReadProcessMemory or WriteProcessMemory request was completed. (0x12B)
[1213/192124.650:ERROR:process_memory_win.cc(73)] ReadMemory at 0x38e0df5000 of 45056 bytes failed: Only part of a ReadProcessMemory or WriteProcessMemory request was completed. (0x12B)
[1213/192124.650:ERROR:process_memory_win.cc(73)] ReadMemory at 0x38e15f5000 of 45056 bytes failed: Only part of a ReadProcessMemory or WriteProcessMemory request was completed. (0x12B)
[1213/192124.650:ERROR:process_memory_win.cc(73)] ReadMemory at 0x38e1df5000 of 45056 bytes failed: Only part of a ReadProcessMemory or WriteProcessMemory request was completed. (0x12B)
[1213/192124.650:ERROR:process_memory_win.cc(73)] ReadMemory at 0x38e25fc000 of 16384 bytes failed: Only part of a ReadProcessMemory or WriteProcessMemory request was completed. (0x12B)
[1213/192124.650:ERROR:process_memory_win.cc(73)] ReadMemory at 0x38e55fb000 of 20480 bytes failed: Only part of a ReadProcessMemory or WriteProcessMemory request was completed. (0x12B)
[1213/192124.650:ERROR:process_memory_win.cc(73)] ReadMemory at 0x38e5dfb000 of 20480 bytes failed: Only part of a ReadProcessMemory or WriteProcessMemory request was completed. (0x12B)
[1213/192124.650:ERROR:process_memory_win.cc(73)] ReadMemory at 0x38e6df6000 of 40960 bytes failed: Only part of a ReadProcessMemory or WriteProcessMemory request was completed. (0x12B)
[1213/192124.650:ERROR:process_memory_win.cc(73)] ReadMemory at 0x38e75fc000 of 16384 bytes failed: Only part of a ReadProcessMemory or WriteProcessMemory request was completed. (0x12B)
[1213/192124.650:ERROR:process_memory_win.cc(73)] ReadMemory at 0x38e85fa000 of 24576 bytes failed: Only part of a ReadProcessMemory or WriteProcessMemory request was completed. (0x12B)
[1213/192124.650:ERROR:process_memory_win.cc(73)] ReadMemory at 0x38dfdfd000 of 12288 bytes failed: Only part of a ReadProcessMemory or WriteProcessMemory request was completed. (0x12B)
[1213/192124.650:ERROR:process_memory_win.cc(73)] ReadMemory at 0x38e35fc000 of 16384 bytes failed: Only part of a ReadProcessMemory or WriteProcessMemory request was completed. (0x12B)
[1213/192124.650:ERROR:process_memory_win.cc(73)] ReadMemory at 0x38dcdfd000 of 12288 bytes failed: Only part of a ReadProcessMemory or WriteProcessMemory request was completed. (0x12B)
[1213/192124.650:ERROR:process_memory_win.cc(73)] ReadMemory at 0x38db503000 of 852 bytes failed: Only part of a ReadProcessMemory or WriteProcessMemory request was completed. (0x12B)
[1213/192124.650:ERROR:process_memory_win.cc(73)] ReadMemory at 0x38db504000 of 6024 bytes failed: Only part of a ReadProcessMemory or WriteProcessMemory request was completed. (0x12B)
[1213/192124.650:ERROR:process_memory_win.cc(73)] ReadMemory at 0x38db506000 of 6024 bytes failed: Only part of a ReadProcessMemory or WriteProcessMemory request was completed. (0x12B)
[1213/192124.650:ERROR:process_memory_win.cc(73)] ReadMemory at 0x38db50a000 of 6024 bytes failed: Only part of a ReadProcessMemory or WriteProcessMemory request was completed. (0x12B)
[1213/192124.650:ERROR:process_memory_win.cc(73)] ReadMemory at 0x38db50c000 of 6024 bytes failed: Only part of a ReadProcessMemory or WriteProcessMemory request was completed. (0x12B)
[1213/192124.650:ERROR:process_memory_win.cc(73)] ReadMemory at 0x38db50e000 of 6024 bytes failed: Only part of a ReadProcessMemory or WriteProcessMemory request was completed. (0x12B)
[1213/192124.650:ERROR:process_memory_win.cc(73)] ReadMemory at 0x38db510000 of 6024 bytes failed: Only part of a ReadProcessMemory or WriteProcessMemory request was completed. (0x12B)
[1213/192124.650:ERROR:process_memory_win.cc(73)] ReadMemory at 0x38db512000 of 6024 bytes failed: Only part of a ReadProcessMemory or WriteProcessMemory request was completed. (0x12B)
[1213/192124.654:ERROR:process_memory_win.cc(73)] ReadMemory at 0x38db516000 of 6024 bytes failed: Only part of a ReadProcessMemory or WriteProcessMemory request was completed. (0x12B)
[1213/192124.654:ERROR:process_memory_win.cc(73)] ReadMemory at 0x38db518000 of 6024 bytes failed: Only part of a ReadProcessMemory or WriteProcessMemory request was completed. (0x12B)
[1213/192124.654:ERROR:process_memory_win.cc(73)] ReadMemory at 0x38db51a000 of 6024 bytes failed: Only part of a ReadProcessMemory or WriteProcessMemory request was completed. (0x12B)
[1213/192124.654:ERROR:process_memory_win.cc(73)] ReadMemory at 0x38db51c000 of 6024 bytes failed: Only part of a ReadProcessMemory or WriteProcessMemory request was completed. (0x12B)
[1213/192124.654:ERROR:process_memory_win.cc(73)] ReadMemory at 0x38db51e000 of 6024 bytes failed: Only part of a ReadProcessMemory or WriteProcessMemory request was completed. (0x12B)
[1213/192124.654:ERROR:process_memory_win.cc(73)] ReadMemory at 0x38db52a000 of 6024 bytes failed: Only part of a ReadProcessMemory or WriteProcessMemory request was completed. (0x12B)
[1213/192124.654:ERROR:process_memory_win.cc(73)] ReadMemory at 0x38db52c000 of 6024 bytes failed: Only part of a ReadProcessMemory or WriteProcessMemory request was completed. (0x12B)
[1213/192124.654:ERROR:process_memory_win.cc(73)] ReadMemory at 0x38db530000 of 6024 bytes failed: Only part of a ReadProcessMemory or WriteProcessMemory request was completed. (0x12B)
[1213/192124.654:ERROR:process_memory_win.cc(73)] ReadMemory at 0x38db532000 of 6024 bytes failed: Only part of a ReadProcessMemory or WriteProcessMemory request was completed. (0x12B)
[1213/192124.654:ERROR:process_memory_win.cc(73)] ReadMemory at 0x38db536000 of 6024 bytes failed: Only part of a ReadProcessMemory or WriteProcessMemory request was completed. (0x12B)
[1213/192124.654:ERROR:process_memory_win.cc(73)] ReadMemory at 0x38db538000 of 6024 bytes failed: Only part of a ReadProcessMemory or WriteProcessMemory request was completed. (0x12B)
[1213/192124.654:ERROR:process_memory_win.cc(73)] ReadMemory at 0x38db55e000 of 6024 bytes failed: Only part of a ReadProcessMemory or WriteProcessMemory request was completed. (0x12B)
[1213/192124.654:ERROR:process_memory_win.cc(73)] ReadMemory at 0x38db56a000 of 6024 bytes failed: Only part of a ReadProcessMemory or WriteProcessMemory request was completed. (0x12B)
[1213/192124.654:ERROR:process_memory_win.cc(73)] ReadMemory at 0x197237f0fe0 of 4708 bytes failed: Only part of a ReadProcessMemory or WriteProcessMemory request was completed. (0x12B)
[1213/192124.654:ERROR:process_memory_win.cc(73)] ReadMemory at 0x197237f2250 of 1012 bytes failed: Only part of a ReadProcessMemory or WriteProcessMemory request was completed. (0x12B)
[1213/192124.654:ERROR:process_memory_win.cc(73)] ReadMemory at 0x197237f2898 of 118 bytes failed: Only part of a ReadProcessMemory or WriteProcessMemory request was completed. (0x12B)
[1213/192124.654:ERROR:process_memory_win.cc(73)] ReadMemory at 0x197237f2910 of 1316 bytes failed: Only part of a ReadProcessMemory or WriteProcessMemory request was completed. (0x12B)
[1213/192124.654:ERROR:process_memory_win.cc(73)] ReadMemory at 0x197237f2e36 of 118 bytes failed: Only part of a ReadProcessMemory or WriteProcessMemory request was completed. (0x12B)
[1213/192124.654:ERROR:process_memory_win.cc(73)] ReadMemory at 0x197237f2eae of 94 bytes failed: Only part of a ReadProcessMemory or WriteProcessMemory request was completed. (0x12B)
[1213/192124.654:ERROR:process_memory_win.cc(73)] ReadMemory at 0x197237f2f20 of 58 bytes failed: Only part of a ReadProcessMemory or WriteProcessMemory request was completed. (0x12B)
[1213/192124.654:ERROR:process_memory_win.cc(73)] ReadMemory at 0x197237f3020 of 132 bytes failed: Only part of a ReadProcessMemory or WriteProcessMemory request was completed. (0x12B)
[1213/192124.654:ERROR:process_memory_win.cc(73)] ReadMemory at 0x197237f31b0 of 132 bytes failed: Only part of a ReadProcessMemory or WriteProcessMemory request was completed. (0x12B)
[1213/192124.654:ERROR:process_memory_win.cc(73)] ReadMemory at 0x197237f3370 of 126 bytes failed: Only part of a ReadProcessMemory or WriteProcessMemory request was completed. (0x12B)
[1213/192124.654:ERROR:process_memory_win.cc(73)] ReadMemory at 0x197237f3660 of 158 bytes failed: Only part of a ReadProcessMemory or WriteProcessMemory request was completed. (0x12B)
[1213/192124.654:ERROR:process_memory_win.cc(73)] ReadMemory at 0x197237f3f10 of 132 bytes failed: Only part of a ReadProcessMemory or WriteProcessMemory request was completed. (0x12B)
[1213/192124.654:ERROR:process_memory_win.cc(73)] ReadMemory at 0x197237f40a0 of 64 bytes failed: Only part of a ReadProcessMemory or WriteProcessMemory request was completed. (0x12B)
[1213/192124.654:ERROR:process_memory_win.cc(73)] ReadMemory at 0x197237f4260 of 132 bytes failed: Only part of a ReadProcessMemory or WriteProcessMemory request was completed. (0x12B)
[1213/192124.654:ERROR:process_memory_win.cc(73)] ReadMemory at 0x197237f4500 of 132 bytes failed: Only part of a ReadProcessMemory or WriteProcessMemory request was completed. (0x12B)
[1213/192124.654:ERROR:process_memory_win.cc(73)] ReadMemory at 0x197237f4690 of 68 bytes failed: Only part of a ReadProcessMemory or WriteProcessMemory request was completed. (0x12B)
[1213/192124.654:ERROR:process_memory_win.cc(73)] ReadMemory at 0x197237f9150 of 132 bytes failed: Only part of a ReadProcessMemory or WriteProcessMemory request was completed. (0x12B)
[1213/192124.654:ERROR:process_memory_win.cc(73)] ReadMemory at 0x197237f92e0 of 154 bytes failed: Only part of a ReadProcessMemory or WriteProcessMemory request was completed. (0x12B)
[1213/192124.654:ERROR:process_memory_win.cc(73)] ReadMemory at 0x197237f98d0 of 62 bytes failed: Only part of a ReadProcessMemory or WriteProcessMemory request was completed. (0x12B)
[1213/192124.654:ERROR:process_memory_win.cc(73)] ReadMemory at 0x197237fcc40 of 132 bytes failed: Only part of a ReadProcessMemory or WriteProcessMemory request was completed. (0x12B)
[1213/192124.654:ERROR:process_memory_win.cc(73)] ReadMemory at 0x197237fce50 of 132 bytes failed: Only part of a ReadProcessMemory or WriteProcessMemory request was completed. (0x12B)
[1213/192124.654:ERROR:process_memory_win.cc(73)] ReadMemory at 0x197237fcfe0 of 60 bytes failed: Only part of a ReadProcessMemory or WriteProcessMemory request was completed. (0x12B)
[1213/192124.654:ERROR:process_memory_win.cc(73)] ReadMemory at 0x197237fd920 of 62 bytes failed: Only part of a ReadProcessMemory or WriteProcessMemory request was completed. (0x12B)
[1213/192124.654:ERROR:process_memory_win.cc(73)] ReadMemory at 0x197237fd970 of 60 bytes failed: Only part of a ReadProcessMemory or WriteProcessMemory request was completed. (0x12B)
[1213/192124.654:ERROR:process_memory_win.cc(73)] ReadMemory at 0x197237fd9c0 of 64 bytes failed: Only part of a ReadProcessMemory or WriteProcessMemory request was completed. (0x12B)
[1213/192124.654:ERROR:process_memory_win.cc(73)] ReadMemory at 0x197237fda10 of 66 bytes failed: Only part of a ReadProcessMemory or WriteProcessMemory request was completed. (0x12B)
[1213/192124.654:ERROR:process_memory_win.cc(73)] ReadMemory at 0x197237fda60 of 60 bytes failed: Only part of a ReadProcessMemory or WriteProcessMemory request was completed. (0x12B)
[1213/192124.654:ERROR:process_memory_win.cc(73)] ReadMemory at 0x197237fdb50 of 64 bytes failed: Only part of a ReadProcessMemory or WriteProcessMemory request was completed. (0x12B)
[1213/192124.654:ERROR:process_memory_win.cc(73)] ReadMemory at 0x197237fdba0 of 62 bytes failed: Only part of a ReadProcessMemory or WriteProcessMemory request was completed. (0x12B)
[1213/192124.654:ERROR:process_memory_win.cc(73)] ReadMemory at 0x197237fdf10 of 64 bytes failed: Only part of a ReadProcessMemory or WriteProcessMemory request was completed. (0x12B)
[1213/192124.654:ERROR:process_memory_win.cc(73)] ReadMemory at 0x197237fdf60 of 64 bytes failed: Only part of a ReadProcessMemory or WriteProcessMemory request was completed. (0x12B)
[1213/192124.654:ERROR:process_memory_win.cc(73)] ReadMemory at 0x197237fe740 of 80 bytes failed: Only part of a ReadProcessMemory or WriteProcessMemory request was completed. (0x12B)
[1213/192124.654:ERROR:process_memory_win.cc(73)] ReadMemory at 0x197237fed20 of 132 bytes failed: Only part of a ReadProcessMemory or WriteProcessMemory request was completed. (0x12B)
[1213/192124.654:ERROR:process_memory_win.cc(73)] ReadMemory at 0x197237ff790 of 132 bytes failed: Only part of a ReadProcessMemory or WriteProcessMemory request was completed. (0x12B)
[1213/192124.654:ERROR:process_memory_win.cc(73)] ReadMemory at 0x197237ff910 of 132 bytes failed: Only part of a ReadProcessMemory or WriteProcessMemory request was completed. (0x12B)
[1213/192124.654:ERROR:process_memory_win.cc(73)] ReadMemory at 0x197237ffa40 of 132 bytes failed: Only part of a ReadProcessMemory or WriteProcessMemory request was completed. (0x12B)
[1213/192124.654:ERROR:process_memory_win.cc(73)] ReadMemory at 0x197237ffb70 of 132 bytes failed: Only part of a ReadProcessMemory or WriteProcessMemory request was completed. (0x12B)
[1213/192124.654:ERROR:process_memory_win.cc(73)] ReadMemory at 0x197237ffca0 of 132 bytes failed: Only part of a ReadProcessMemory or WriteProcessMemory request was completed. (0x12B)
[1213/192124.654:ERROR:process_memory_win.cc(73)] ReadMemory at 0x197237ffdd0 of 132 bytes failed: Only part of a ReadProcessMemory or WriteProcessMemory request was completed. (0x12B)
[1213/192124.654:ERROR:process_memory_win.cc(73)] ReadMemory at 0x197237fff00 of 132 bytes failed: Only part of a ReadProcessMemory or WriteProcessMemory request was completed. (0x12B)
[1213/192124.654:ERROR:process_memory_win.cc(73)] ReadMemory at 0x19723800030 of 132 bytes failed: Only part of a ReadProcessMemory or WriteProcessMemory request was completed. (0x12B)
[1213/192124.654:ERROR:process_memory_win.cc(73)] ReadMemory at 0x19723800160 of 132 bytes failed: Only part of a ReadProcessMemory or WriteProcessMemory request was completed. (0x12B)
[1213/192124.654:ERROR:process_memory_win.cc(73)] ReadMemory at 0x197238003c0 of 132 bytes failed: Only part of a ReadProcessMemory or WriteProcessMemory request was completed. (0x12B)
[1213/192124.654:ERROR:process_memory_win.cc(73)] ReadMemory at 0x197238004f0 of 132 bytes failed: Only part of a ReadProcessMemory or WriteProcessMemory request was completed. (0x12B)
[1213/192124.658:ERROR:process_memory_win.cc(73)] ReadMemory at 0x19723800620 of 132 bytes failed: Only part of a ReadProcessMemory or WriteProcessMemory request was completed. (0x12B)
[1213/192124.658:ERROR:process_memory_win.cc(73)] ReadMemory at 0x19723800750 of 132 bytes failed: Only part of a ReadProcessMemory or WriteProcessMemory request was completed. (0x12B)
[1213/192124.658:ERROR:process_memory_win.cc(73)] ReadMemory at 0x19723801f30 of 54 bytes failed: Only part of a ReadProcessMemory or WriteProcessMemory request was completed. (0x12B)
[1213/192124.658:ERROR:process_memory_win.cc(73)] ReadMemory at 0x19723803260 of 132 bytes failed: Only part of a ReadProcessMemory or WriteProcessMemory request was completed. (0x12B)
[1213/192124.658:ERROR:process_memory_win.cc(73)] ReadMemory at 0x19723803390 of 132 bytes failed: Only part of a ReadProcessMemory or WriteProcessMemory request was completed. (0x12B)
[1213/192124.658:ERROR:process_memory_win.cc(73)] ReadMemory at 0x197238045a0 of 132 bytes failed: Only part of a ReadProcessMemory or WriteProcessMemory request was completed. (0x12B)
[1213/192124.658:ERROR:process_memory_win.cc(73)] ReadMemory at 0x197238060b0 of 132 bytes failed: Only part of a ReadProcessMemory or WriteProcessMemory request was completed. (0x12B)
[1213/192124.658:ERROR:process_memory_win.cc(73)] ReadMemory at 0x19723806410 of 132 bytes failed: Only part of a ReadProcessMemory or WriteProcessMemory request was completed. (0x12B)
[1213/192124.658:ERROR:process_memory_win.cc(73)] ReadMemory at 0x197238084f0 of 78 bytes failed: Only part of a ReadProcessMemory or WriteProcessMemory request was completed. (0x12B)
[1213/192124.658:ERROR:process_memory_win.cc(73)] ReadMemory at 0x19723808d90 of 76 bytes failed: Only part of a ReadProcessMemory or WriteProcessMemory request was completed. (0x12B)
[1213/192124.658:ERROR:process_memory_win.cc(73)] ReadMemory at 0x197238091e0 of 64 bytes failed: Only part of a ReadProcessMemory or WriteProcessMemory request was completed. (0x12B)
[1213/192124.658:ERROR:process_memory_win.cc(73)] ReadMemory at 0x197238092d0 of 62 bytes failed: Only part of a ReadProcessMemory or WriteProcessMemory request was completed. (0x12B)
[1213/192124.658:ERROR:process_memory_win.cc(73)] ReadMemory at 0x197238095a0 of 60 bytes failed: Only part of a ReadProcessMemory or WriteProcessMemory request was completed. (0x12B)
[1213/192124.658:ERROR:process_memory_win.cc(73)] ReadMemory at 0x197238095f0 of 60 bytes failed: Only part of a ReadProcessMemory or WriteProcessMemory request was completed. (0x12B)
[1213/192124.658:ERROR:process_memory_win.cc(73)] ReadMemory at 0x19723809640 of 62 bytes failed: Only part of a ReadProcessMemory or WriteProcessMemory request was completed. (0x12B)
[1213/192124.658:ERROR:process_memory_win.cc(73)] ReadMemory at 0x197238096e0 of 58 bytes failed: Only part of a ReadProcessMemory or WriteProcessMemory request was completed. (0x12B)
[1213/192124.658:ERROR:process_memory_win.cc(73)] ReadMemory at 0x19723809730 of 62 bytes failed: Only part of a ReadProcessMemory or WriteProcessMemory request was completed. (0x12B)
[1213/192124.658:ERROR:process_memory_win.cc(73)] ReadMemory at 0x197238097d0 of 60 bytes failed: Only part of a ReadProcessMemory or WriteProcessMemory request was completed. (0x12B)
[1213/192124.658:ERROR:process_memory_win.cc(73)] ReadMemory at 0x19723809820 of 60 bytes failed: Only part of a ReadProcessMemory or WriteProcessMemory request was completed. (0x12B)
[1213/192124.658:ERROR:process_memory_win.cc(73)] ReadMemory at 0x19723809910 of 62 bytes failed: Only part of a ReadProcessMemory or WriteProcessMemory request was completed. (0x12B)
[1213/192124.658:ERROR:process_memory_win.cc(73)] ReadMemory at 0x19723809a00 of 62 bytes failed: Only part of a ReadProcessMemory or WriteProcessMemory request was completed. (0x12B)
[1213/192124.658:ERROR:process_memory_win.cc(73)] ReadMemory at 0x19723809b40 of 60 bytes failed: Only part of a ReadProcessMemory or WriteProcessMemory request was completed. (0x12B)
[1213/192124.658:ERROR:process_memory_win.cc(73)] ReadMemory at 0x19723809b90 of 58 bytes failed: Only part of a ReadProcessMemory or WriteProcessMemory request was completed. (0x12B)
[1213/192124.658:ERROR:process_memory_win.cc(73)] ReadMemory at 0x19723809be0 of 66 bytes failed: Only part of a ReadProcessMemory or WriteProcessMemory request was completed. (0x12B)
[1213/192124.658:ERROR:process_memory_win.cc(73)] ReadMemory at 0x19723809c80 of 62 bytes failed: Only part of a ReadProcessMemory or WriteProcessMemory request was completed. (0x12B)
[1213/192124.658:ERROR:process_memory_win.cc(73)] ReadMemory at 0x19723809cd0 of 64 bytes failed: Only part of a ReadProcessMemory or WriteProcessMemory request was completed. (0x12B)
[1213/192124.658:ERROR:process_memory_win.cc(73)] ReadMemory at 0x19723809d20 of 64 bytes failed: Only part of a ReadProcessMemory or WriteProcessMemory request was completed. (0x12B)
[1213/192124.658:ERROR:process_memory_win.cc(73)] ReadMemory at 0x19723809dc0 of 64 bytes failed: Only part of a ReadProcessMemory or WriteProcessMemory request was completed. (0x12B)
[1213/192124.658:ERROR:process_memory_win.cc(73)] ReadMemory at 0x19723809e10 of 62 bytes failed: Only part of a ReadProcessMemory or WriteProcessMemory request was completed. (0x12B)
[1213/192124.658:ERROR:process_memory_win.cc(73)] ReadMemory at 0x19723809e60 of 58 bytes failed: Only part of a ReadProcessMemory or WriteProcessMemory request was completed. (0x12B)
[1213/192124.658:ERROR:process_memory_win.cc(73)] ReadMemory at 0x1972380a040 of 62 bytes failed: Only part of a ReadProcessMemory or WriteProcessMemory request was completed. (0x12B)
[1213/192124.658:ERROR:process_memory_win.cc(73)] ReadMemory at 0x1972380a150 of 132 bytes failed: Only part of a ReadProcessMemory or WriteProcessMemory request was completed. (0x12B)
[1213/192124.658:ERROR:process_memory_win.cc(73)] ReadMemory at 0x1972380a280 of 132 bytes failed: Only part of a ReadProcessMemory or WriteProcessMemory request was completed. (0x12B)
[1213/192124.658:ERROR:process_memory_win.cc(73)] ReadMemory at 0x1972380a3b0 of 132 bytes failed: Only part of a ReadProcessMemory or WriteProcessMemory request was completed. (0x12B)
[1213/192124.658:ERROR:process_memory_win.cc(73)] ReadMemory at 0x1972380a4e0 of 132 bytes failed: Only part of a ReadProcessMemory or WriteProcessMemory request was completed. (0x12B)
[1213/192124.658:ERROR:process_memory_win.cc(73)] ReadMemory at 0x1972380a740 of 132 bytes failed: Only part of a ReadProcessMemory or WriteProcessMemory request was completed. (0x12B)
[1213/192124.658:ERROR:process_memory_win.cc(73)] ReadMemory at 0x1972380a870 of 132 bytes failed: Only part of a ReadProcessMemory or WriteProcessMemory request was completed. (0x12B)
[1213/192124.658:ERROR:process_memory_win.cc(73)] ReadMemory at 0x1972380a9a0 of 132 bytes failed: Only part of a ReadProcessMemory or WriteProcessMemory request was completed. (0x12B)
[1213/192124.658:ERROR:process_memory_win.cc(73)] ReadMemory at 0x1972380aad0 of 132 bytes failed: Only part of a ReadProcessMemory or WriteProcessMemory request was completed. (0x12B)
[1213/192124.658:ERROR:process_memory_win.cc(73)] ReadMemory at 0x1972380ac00 of 132 bytes failed: Only part of a ReadProcessMemory or WriteProcessMemory request was completed. (0x12B)
[1213/192124.658:ERROR:process_memory_win.cc(73)] ReadMemory at 0x1972380ad30 of 132 bytes failed: Only part of a ReadProcessMemory or WriteProcessMemory request was completed. (0x12B)
[1213/192124.658:ERROR:process_memory_win.cc(73)] ReadMemory at 0x1972380ae60 of 132 bytes failed: Only part of a ReadProcessMemory or WriteProcessMemory request was completed. (0x12B)
[1213/192124.658:ERROR:process_memory_win.cc(73)] ReadMemory at 0x1972380b0c0 of 132 bytes failed: Only part of a ReadProcessMemory or WriteProcessMemory request was completed. (0x12B)
[1213/192124.658:ERROR:process_memory_win.cc(73)] ReadMemory at 0x1972380b1f0 of 132 bytes failed: Only part of a ReadProcessMemory or WriteProcessMemory request was completed. (0x12B)
[1213/192124.658:ERROR:process_memory_win.cc(73)] ReadMemory at 0x1972380b320 of 132 bytes failed: Only part of a ReadProcessMemory or WriteProcessMemory request was completed. (0x12B)
[1213/192124.658:ERROR:process_memory_win.cc(73)] ReadMemory at 0x1972380b450 of 132 bytes failed: Only part of a ReadProcessMemory or WriteProcessMemory request was completed. (0x12B)
[1213/192124.658:ERROR:process_memory_win.cc(73)] ReadMemory at 0x1972380b580 of 132 bytes failed: Only part of a ReadProcessMemory or WriteProcessMemory request was completed. (0x12B)
[1213/192124.658:ERROR:process_memory_win.cc(73)] ReadMemory at 0x1972380b6b0 of 132 bytes failed: Only part of a ReadProcessMemory or WriteProcessMemory request was completed. (0x12B)
[1213/192124.658:ERROR:process_memory_win.cc(73)] ReadMemory at 0x1972380b910 of 132 bytes failed: Only part of a ReadProcessMemory or WriteProcessMemory request was completed. (0x12B)
[1213/192124.658:ERROR:process_memory_win.cc(73)] ReadMemory at 0x1972380ba40 of 132 bytes failed: Only part of a ReadProcessMemory or WriteProcessMemory request was completed. (0x12B)
[1213/192124.658:ERROR:process_memory_win.cc(73)] ReadMemory at 0x1972380bb70 of 132 bytes failed: Only part of a ReadProcessMemory or WriteProcessMemory request was completed. (0x12B)
[1213/192124.658:ERROR:process_memory_win.cc(73)] ReadMemory at 0x1972380bca0 of 132 bytes failed: Only part of a ReadProcessMemory or WriteProcessMemory request was completed. (0x12B)
[1213/192124.658:ERROR:process_memory_win.cc(73)] ReadMemory at 0x1972380bdd0 of 132 bytes failed: Only part of a ReadProcessMemory or WriteProcessMemory request was completed. (0x12B)
[1213/192124.658:ERROR:process_memory_win.cc(73)] ReadMemory at 0x1972380bf00 of 132 bytes failed: Only part of a ReadProcessMemory or WriteProcessMemory request was completed. (0x12B)
[1213/192124.658:ERROR:process_memory_win.cc(73)] ReadMemory at 0x1972381de60 of 66 bytes failed: Only part of a ReadProcessMemory or WriteProcessMemory request was completed. (0x12B)
[1213/192124.658:ERROR:process_memory_win.cc(73)] ReadMemory at 0x1972381deb0 of 62 bytes failed: Only part of a ReadProcessMemory or WriteProcessMemory request was completed. (0x12B)
[1213/192124.658:ERROR:process_memory_win.cc(73)] ReadMemory at 0x1972381df00 of 62 bytes failed: Only part of a ReadProcessMemory or WriteProcessMemory request was completed. (0x12B)
[1213/192124.658:ERROR:process_memory_win.cc(73)] ReadMemory at 0x1972381dff0 of 62 bytes failed: Only part of a ReadProcessMemory or WriteProcessMemory request was completed. (0x12B)
[1213/192124.658:ERROR:process_memory_win.cc(73)] ReadMemory at 0x1972381e130 of 58 bytes failed: Only part of a ReadProcessMemory or WriteProcessMemory request was completed. (0x12B)
[1213/192124.658:ERROR:process_memory_win.cc(73)] ReadMemory at 0x1972381e630 of 60 bytes failed: Only part of a ReadProcessMemory or WriteProcessMemory request was completed. (0x12B)
[1213/192124.658:ERROR:process_memory_win.cc(73)] ReadMemory at 0x1972381e950 of 58 bytes failed: Only part of a ReadProcessMemory or WriteProcessMemory request was completed. (0x12B)
[1213/192124.658:ERROR:process_memory_win.cc(73)] ReadMemory at 0x1972381e9f0 of 64 bytes failed: Only part of a ReadProcessMemory or WriteProcessMemory request was completed. (0x12B)
[1213/192124.658:ERROR:process_memory_win.cc(73)] ReadMemory at 0x1972382c440 of 512 bytes failed: Only part of a ReadProcessMemory or WriteProcessMemory request was completed. (0x12B)
[1213/192124.658:ERROR:process_memory_win.cc(73)] ReadMemory at 0x1972382dbb0 of 512 bytes failed: Only part of a ReadProcessMemory or WriteProcessMemory request was completed. (0x12B)
[1213/192124.658:ERROR:process_memory_win.cc(73)] ReadMemory at 0x19723c00e80 of 512 bytes failed: Only part of a ReadProcessMemory or WriteProcessMemory request was completed. (0x12B)
[1213/192124.658:ERROR:process_memory_win.cc(73)] ReadMemory at 0x19723c03280 of 512 bytes failed: Only part of a ReadProcessMemory or WriteProcessMemory request was completed. (0x12B)
[1213/192124.658:ERROR:process_memory_win.cc(73)] ReadMemory at 0x19723c04780 of 512 bytes failed: Only part of a ReadProcessMemory or WriteProcessMemory request was completed. (0x12B)
[1213/192124.658:ERROR:process_memory_win.cc(73)] ReadMemory at 0x19723c93898 of 512 bytes failed: Only part of a ReadProcessMemory or WriteProcessMemory request was completed. (0x12B)
[1213/192124.658:ERROR:process_memory_win.cc(73)] ReadMemory at 0x19723c9a680 of 648 bytes failed: Only part of a ReadProcessMemory or WriteProcessMemory request was completed. (0x12B)
[1213/192124.658:ERROR:process_memory_win.cc(73)] ReadMemory at 0x19723c9b510 of 512 bytes failed: Only part of a ReadProcessMemory or WriteProcessMemory request was completed. (0x12B)
[1213/192124.658:ERROR:process_memory_win.cc(73)] ReadMemory at 0x19723ca7db0 of 512 bytes failed: Only part of a ReadProcessMemory or WriteProcessMemory request was completed. (0x12B)
[1213/192124.658:ERROR:process_memory_win.cc(73)] ReadMemory at 0x19723cb20c8 of 512 bytes failed: Only part of a ReadProcessMemory or WriteProcessMemory request was completed. (0x12B)
[1213/192124.658:ERROR:process_memory_win.cc(73)] ReadMemory at 0x19723cb67f0 of 512 bytes failed: Only part of a ReadProcessMemory or WriteProcessMemory request was completed. (0x12B)
[1213/192124.658:ERROR:process_memory_win.cc(73)] ReadMemory at 0x19723cb95b0 of 512 bytes failed: Only part of a ReadProcessMemory or WriteProcessMemory request was completed. (0x12B)
[1213/192124.658:ERROR:process_memory_win.cc(73)] ReadMemory at 0x19723ccf240 of 712 bytes failed: Only part of a ReadProcessMemory or WriteProcessMemory request was completed. (0x12B)
[1213/192124.658:ERROR:process_memory_win.cc(73)] ReadMemory at 0x19723cd09d0 of 512 bytes failed: Only part of a ReadProcessMemory or WriteProcessMemory request was completed. (0x12B)
[1213/192124.658:ERROR:process_memory_win.cc(73)] ReadMemory at 0x19723d80000 of 384 bytes failed: Only part of a ReadProcessMemory or WriteProcessMemory request was completed. (0x12B)
[1213/192124.658:ERROR:process_memory_win.cc(73)] ReadMemory at 0x19725db8970 of 512 bytes failed: Only part of a ReadProcessMemory or WriteProcessMemory request was completed. (0x12B)
[1213/192124.658:ERROR:process_memory_win.cc(73)] ReadMemory at 0x19725efdcc8 of 512 bytes failed: Only part of a ReadProcessMemory or WriteProcessMemory request was completed. (0x12B)
[1213/192124.658:ERROR:process_memory_win.cc(73)] ReadMemory at 0x19725efe268 of 512 bytes failed: Only part of a ReadProcessMemory or WriteProcessMemory request was completed. (0x12B)
[1213/192124.658:ERROR:process_memory_win.cc(73)] ReadMemory at 0x19725efead8 of 512 bytes failed: Only part of a ReadProcessMemory or WriteProcessMemory request was completed. (0x12B)
[1213/192124.658:ERROR:process_memory_win.cc(73)] ReadMemory at 0x19725f88db0 of 1168 bytes failed: Only part of a ReadProcessMemory or WriteProcessMemory request was completed. (0x12B)
[1213/192124.658:ERROR:process_memory_win.cc(73)] ReadMemory at 0x197265e1d28 of 512 bytes failed: Only part of a ReadProcessMemory or WriteProcessMemory request was completed. (0x12B)
[1213/192124.662:ERROR:process_memory_win.cc(73)] ReadMemory at 0x197270dfb70 of 512 bytes failed: Only part of a ReadProcessMemory or WriteProcessMemory request was completed. (0x12B)
[1213/192124.662:ERROR:process_memory_win.cc(73)] ReadMemory at 0x197271f87d0 of 512 bytes failed: Only part of a ReadProcessMemory or WriteProcessMemory request was completed. (0x12B)
[1213/192124.662:ERROR:process_memory_win.cc(73)] ReadMemory at 0x19727383af8 of 512 bytes failed: Only part of a ReadProcessMemory or WriteProcessMemory request was completed. (0x12B)
[1213/192124.662:ERROR:process_memory_win.cc(73)] ReadMemory at 0x197273e9280 of 512 bytes failed: Only part of a ReadProcessMemory or WriteProcessMemory request was completed. (0x12B)
[1213/192124.662:ERROR:process_memory_win.cc(73)] ReadMemory at 0x1972ba557e0 of 512 bytes failed: Only part of a ReadProcessMemory or WriteProcessMemory request was completed. (0x12B)
[1213/192124.662:ERROR:process_memory_win.cc(73)] ReadMemory at 0x1972c1e0f80 of 512 bytes failed: Only part of a ReadProcessMemory or WriteProcessMemory request was completed. (0x12B)
[1213/192124.662:ERROR:process_memory_win.cc(73)] ReadMemory at 0x1972d3d9fc0 of 512 bytes failed: Only part of a ReadProcessMemory or WriteProcessMemory request was completed. (0x12B)
[1213/192124.662:ERROR:process_memory_win.cc(73)] ReadMemory at 0x284bdb38980 of 512 bytes failed: Only part of a ReadProcessMemory or WriteProcessMemory request was completed. (0x12B)
[1213/192124.662:ERROR:process_memory_win.cc(73)] ReadMemory at 0x4c8aae048098 of 512 bytes failed: Only part of a ReadProcessMemory or WriteProcessMemory request was completed. (0x12B)
[1213/192124.662:ERROR:process_memory_win.cc(73)] ReadMemory at 0x7ff96c3e3089 of 512 bytes failed: Only part of a ReadProcessMemory or WriteProcessMemory request was completed. (0x12B)
[1213/192124.662:ERROR:process_memory_win.cc(73)] ReadMemory at 0x7ff96c43876c of 564 bytes failed: Only part of a ReadProcessMemory or WriteProcessMemory request was completed. (0x12B)
[1213/192124.662:ERROR:process_memory_win.cc(73)] ReadMemory at 0x7ff96d2d7981 of 512 bytes failed: Only part of a ReadProcessMemory or WriteProcessMemory request was completed. (0x12B)
[1213/192124.662:ERROR:process_memory_win.cc(73)] ReadMemory at 0x7ff96ddec62c of 512 bytes failed: Only part of a ReadProcessMemory or WriteProcessMemory request was completed. (0x12B)
[1213/192124.662:ERROR:process_memory_win.cc(73)] ReadMemory at 0x7ff9707b84b0 of 512 bytes failed: Only part of a ReadProcessMemory or WriteProcessMemory request was completed. (0x12B)
[1213/192124.662:ERROR:process_memory_win.cc(73)] ReadMemory at 0x7ff970cfeaca of 512 bytes failed: Only part of a ReadProcessMemory or WriteProcessMemory request was completed. (0x12B)
[1213/192124.662:ERROR:process_memory_win.cc(73)] ReadMemory at 0x7ff970f399f8 of 512 bytes failed: Only part of a ReadProcessMemory or WriteProcessMemory request was completed. (0x12B)
[1213/192124.662:ERROR:process_memory_win.cc(73)] ReadMemory at 0x7ff971477418 of 512 bytes failed: Only part of a ReadProcessMemory or WriteProcessMemory request was completed. (0x12B)
[1213/192124.662:ERROR:process_memory_win.cc(73)] ReadMemory at 0x7ff99b062748 of 512 bytes failed: Only part of a ReadProcessMemory or WriteProcessMemory request was completed. (0x12B)
[1213/192124.662:ERROR:process_memory_win.cc(73)] ReadMemory at 0x7ff99b0dec68 of 512 bytes failed: Only part of a ReadProcessMemory or WriteProcessMemory request was completed. (0x12B)
[1213/192124.662:ERROR:process_memory_win.cc(73)] ReadMemory at 0x7ff9b355a7b9 of 512 bytes failed: Only part of a ReadProcessMemory or WriteProcessMemory request was completed. (0x12B)
[1213/192124.662:ERROR:process_memory_win.cc(73)] ReadMemory at 0x7ff9b378b6d0 of 512 bytes failed: Only part of a ReadProcessMemory or WriteProcessMemory request was completed. (0x12B)
[1213/192124.662:ERROR:process_memory_win.cc(73)] ReadMemory at 0x7ff9b59dc0c4 of 672 bytes failed: Only part of a ReadProcessMemory or WriteProcessMemory request was completed. (0x12B)
[1213/192124.662:ERROR:process_memory_win.cc(73)] ReadMemory at 0x7ff9b59dc6c4 of 512 bytes failed: Only part of a ReadProcessMemory or WriteProcessMemory request was completed. (0x12B)
[1213/192124.662:ERROR:process_memory_win.cc(73)] ReadMemory at 0x7ff9b59df974 of 608 bytes failed: Only part of a ReadProcessMemory or WriteProcessMemory request was completed. (0x12B)
[1213/192124.662:ERROR:process_memory_win.cc(73)] ReadMemory at 0x7ff9b5a6c428 of 18 bytes failed: Only part of a ReadProcessMemory or WriteProcessMemory request was completed. (0x12B)
[1213/192124.662:ERROR:process_memory_win.cc(73)] ReadMemory at 0x7ff9b5a9f4f8 of 40 bytes failed: Only part of a ReadProcessMemory or WriteProcessMemory request was completed. (0x12B)
[1213/192124.662:ERROR:process_memory_win.cc(73)] ReadMemory at 0x7ff9b5a9f978 of 48 bytes failed: Only part of a ReadProcessMemory or WriteProcessMemory request was completed. (0x12B)
[1213/192124.662:ERROR:process_memory_win.cc(73)] ReadMemory at 0x7ff9b5aa53c0 of 64 bytes failed: Only part of a ReadProcessMemory or WriteProcessMemory request was completed. (0x12B)
[1213/192124.662:ERROR:scoped_process_suspend.cc(40)] NtResumeProcess: An attempt was made to access an exiting process. (0xc000010a)
